#
# A fatal error has been detected by the Java Runtime Environment:
#
#  EXCEPTION_ACCESS_VIOLATION (0xc0000005) at pc=0x00000000588d690c, pid=30892, tid=0x00000000000041f0
#
# JRE version: Java(TM) SE Runtime Environment (8.0_271-b09) (build 1.8.0_271-b09)
# Java VM: Java HotSpot(TM) 64-Bit Server VM (25.271-b09 mixed mode windows-amd64 compressed oops)
# Problematic frame:
# V  [jvm.dll+0x11690c]
#
# Failed to write core dump. Minidumps are not enabled by default on client versions of Windows
#
# If you would like to submit a bug report, please visit:
#   http://bugreport.java.com/bugreport/crash.jsp
#

---------------  T H R E A D  ---------------

Current thread (0x000002451b899000):  GCTaskThread [stack: 0x000000bf83000000,0x000000bf83100000] [id=16880]

siginfo: ExceptionCode=0xc0000005, reading address 0xffffffffffffffff

Registers:
RAX=0x0006000000000000, RBX=0x000000bf830fedc0, RCX=0x0000000000001b95, RDX=0x000000000000002c
RSP=0x000000bf830feaf0, RBP=0x0000000000000001, RSI=0x0000000000000001, RDI=0x0000000058fa80b0
R8 =0x0000000000000000, R9 =0x00000245343b8828, R10=0x000002451b892930, R11=0x00000245343b91ed
R12=0x00000000000000bb, R13=0x000002451b8995a8, R14=0x00000000000000b2, R15=0x00000000587c0000
RIP=0x00000000588d690c, EFLAGS=0x0000000000010206

Top of Stack: (sp=0x000000bf830feaf0)
0x000000bf830feaf0:   000002451b899000 0000000058857198
0x000000bf830feb00:   00000245343b92a0 000000bf830fec20
0x000000bf830feb10:   00000df26a7605d2 000000bf830feb70
0x000000bf830feb20:   00000245343b92a0 00000000588d73b2
0x000000bf830feb30:   00000df26a7606c2 000000bf830fedc0
0x000000bf830feb40:   00000000000000b2 000000bf830fec20
0x000000bf830feb50:   000000bf830fedc0 00000000588d8c80
0x000000bf830feb60:   0000000000000095 0000000000000095
0x000000bf830feb70:   0000000000000001 000000bf830fedc0
0x000000bf830feb80:   0000024500000095 0000000058857198
0x000000bf830feb90:   00000245343b92a0 000000bf830fec20
0x000000bf830feba0:   000000bf830fec20 000000000000000b
0x000000bf830febb0:   000002451b899000 0000000058857198
0x000000bf830febc0:   00000000587c0000 00000000000000b2
0x000000bf830febd0:   000000bf830fec50 00000000000000b2
0x000000bf830febe0:   00000245343b921d 00000000588d957e 

Instructions: (pc=0x00000000588d690c)
0x00000000588d68ec:   8b cf e8 8d a0 ff ff 8b d0 48 8b cf e8 f3 c7 ff
0x00000000588d68fc:   ff 48 63 c8 48 8b 44 cf 50 48 8d 3d a4 17 6d 00
0x00000000588d690c:   0f b6 48 08 8b 05 96 17 6d 00 80 f9 4c 74 2b 80
0x00000000588d691c:   f9 5b 74 26 80 f9 4a 74 18 80 f9 44 74 13 80 f9 


Register to memory mapping:

RAX=0x0006000000000000 is an unknown value
RBX=0x000000bf830fedc0 is an unknown value
RCX=0x0000000000001b95 is an unknown value
RDX=0x000000000000002c is an unknown value
RSP=0x000000bf830feaf0 is an unknown value
RBP=0x0000000000000001 is an unknown value
RSI=0x0000000000000001 is an unknown value
RDI=0x0000000058fa80b0 is an unknown value
R8 =0x0000000000000000 is an unknown value
R9 =0x00000245343b8828 is pointing into metadata
R10=0x000002451b892930 is an unknown value
R11=0x00000245343b91ed is pointing into metadata
R12=0x00000000000000bb is an unknown value
R13=0x000002451b8995a8 is an unknown value
R14=0x00000000000000b2 is an unknown value
R15=0x00000000587c0000 is an unknown value


Stack: [0x000000bf83000000,0x000000bf83100000],  sp=0x000000bf830feaf0,  free space=1018k
Native frames: (J=compiled Java code, j=interpreted, Vv=VM code, C=native code)
V  [jvm.dll+0x11690c]
V  [jvm.dll+0x118c80]
V  [jvm.dll+0x11957e]
V  [jvm.dll+0x116bea]
V  [jvm.dll+0x115d7a]
V  [jvm.dll+0xdd69b]
V  [jvm.dll+0xde133]
V  [jvm.dll+0x122b84]
V  [jvm.dll+0x145e40]
V  [jvm.dll+0x216789]
V  [jvm.dll+0x21609b]
V  [jvm.dll+0x24cb6f]
V  [jvm.dll+0x3e6c2a]
V  [jvm.dll+0x3d54e9]
V  [jvm.dll+0x2a2dcc]
C  [ucrtbase.dll+0x21bb2]
C  [KERNEL32.DLL+0x17034]
C  [ntdll.dll+0x52651]

JavaThread 0x0000024535344800 (nid = 5284) was being processed
Java frames: (J=compiled Java code, j=interpreted, Vv=VM code)
j  project.api.rest.ControlExceptions.handleExceptionDataIntegry(Ljava/lang/Exception;)Lorg/springframework/http/ResponseEntity;+175
v  ~StubRoutines::call_stub
J 1770  sun.reflect.NativeMethodAccessorImpl.invoke0(Ljava/lang/reflect/Method;Ljava/lang/Object;[Ljava/lang/Object;)Ljava/lang/Object; (0 bytes) @ 0x000002451d68333f [0x000002451d6832c0+0x7f]
J 1769 C1 sun.reflect.NativeMethodAccessorImpl.invoke(Ljava/lang/Object;[Ljava/lang/Object;)Ljava/lang/Object; (104 bytes) @ 0x000002451d683b14 [0x000002451d683760+0x3b4]
J 1676 C1 sun.reflect.DelegatingMethodAccessorImpl.invoke(Ljava/lang/Object;[Ljava/lang/Object;)Ljava/lang/Object; (10 bytes) @ 0x000002451d63cc7c [0x000002451d63cc20+0x5c]
J 1675 C1 java.lang.reflect.Method.invoke(Ljava/lang/Object;[Ljava/lang/Object;)Ljava/lang/Object; (62 bytes) @ 0x000002451d63c84c [0x000002451d63c720+0x12c]
j  org.springframework.web.method.support.InvocableHandlerMethod.doInvoke([Ljava/lang/Object;)Ljava/lang/Object;+16
j  org.springframework.web.method.support.InvocableHandlerMethod.invokeForRequest(Lorg/springframework/web/context/request/NativeWebRequest;Lorg/springframework/web/method/support/ModelAndViewContainer;[Ljava/lang/Object;)Ljava/lang/Object;+56
j  org.springframework.web.servlet.mvc.method.annotation.ServletInvocableHandlerMethod.invokeAndHandle(Lorg/springframework/web/context/request/ServletWebRequest;Lorg/springframework/web/method/support/ModelAndViewContainer;[Ljava/lang/Object;)V+4
j  org.springframework.web.servlet.mvc.method.annotation.ExceptionHandlerExceptionResolver.doResolveHandlerMethodException(Ljavax/servlet/http/HttpServletRequest;Ljavax/servlet/http/HttpServletResponse;Lorg/springframework/web/method/HandlerMethod;Ljava/lang/Exception;)Lorg/springframework/web/servlet/ModelAndView;+145
j  org.springframework.web.servlet.handler.AbstractHandlerMethodExceptionResolver.doResolveException(Ljavax/servlet/http/HttpServletRequest;Ljavax/servlet/http/HttpServletResponse;Ljava/lang/Object;Ljava/lang/Exception;)Lorg/springframework/web/servlet/ModelAndView;+9
j  org.springframework.web.servlet.handler.AbstractHandlerExceptionResolver.resolveException(Ljavax/servlet/http/HttpServletRequest;Ljavax/servlet/http/HttpServletResponse;Ljava/lang/Object;Ljava/lang/Exception;)Lorg/springframework/web/servlet/ModelAndView;+22
j  org.springframework.web.servlet.handler.HandlerExceptionResolverComposite.resolveException(Ljavax/servlet/http/HttpServletRequest;Ljavax/servlet/http/HttpServletResponse;Ljava/lang/Object;Ljava/lang/Exception;)Lorg/springframework/web/servlet/ModelAndView;+47
j  org.springframework.web.servlet.DispatcherServlet.processHandlerException(Ljavax/servlet/http/HttpServletRequest;Ljavax/servlet/http/HttpServletResponse;Ljava/lang/Object;Ljava/lang/Exception;)Lorg/springframework/web/servlet/ModelAndView;+59
j  org.springframework.web.servlet.DispatcherServlet.processDispatchResult(Ljavax/servlet/http/HttpServletRequest;Ljavax/servlet/http/HttpServletResponse;Lorg/springframework/web/servlet/HandlerExecutionChain;Lorg/springframework/web/servlet/ModelAndView;Ljava/lang/Exception;)V+63
j  org.springframework.web.servlet.DispatcherServlet.doDispatch(Ljavax/servlet/http/HttpServletRequest;Ljavax/servlet/http/HttpServletResponse;)V+358
j  org.springframework.web.servlet.DispatcherServlet.doService(Ljavax/servlet/http/HttpServletRequest;Ljavax/servlet/http/HttpServletResponse;)V+212
j  org.springframework.web.servlet.FrameworkServlet.processRequest(Ljavax/servlet/http/HttpServletRequest;Ljavax/servlet/http/HttpServletResponse;)V+71
j  org.springframework.web.servlet.FrameworkServlet.doPost(Ljavax/servlet/http/HttpServletRequest;Ljavax/servlet/http/HttpServletResponse;)V+3
j  javax.servlet.http.HttpServlet.service(Ljavax/servlet/http/HttpServletRequest;Ljavax/servlet/http/HttpServletResponse;)V+149
j  org.springframework.web.servlet.FrameworkServlet.service(Ljavax/servlet/http/HttpServletRequest;Ljavax/servlet/http/HttpServletResponse;)V+33
j  javax.servlet.http.HttpServlet.service(Ljavax/servlet/ServletRequest;Ljavax/servlet/ServletResponse;)V+30
j  org.apache.catalina.core.ApplicationFilterChain.internalDoFilter(Ljavax/servlet/ServletRequest;Ljavax/servlet/ServletResponse;)V+304
j  org.apache.catalina.core.ApplicationFilterChain.doFilter(Ljavax/servlet/ServletRequest;Ljavax/servlet/ServletResponse;)V+101
j  org.apache.tomcat.websocket.server.WsFilter.doFilter(Ljavax/servlet/ServletRequest;Ljavax/servlet/ServletResponse;Ljavax/servlet/FilterChain;)V+21
j  org.apache.catalina.core.ApplicationFilterChain.internalDoFilter(Ljavax/servlet/ServletRequest;Ljavax/servlet/ServletResponse;)V+135
j  org.apache.catalina.core.ApplicationFilterChain.doFilter(Ljavax/servlet/ServletRequest;Ljavax/servlet/ServletResponse;)V+101
j  org.springframework.security.web.FilterChainProxy$VirtualFilterChain.doFilter(Ljavax/servlet/ServletRequest;Ljavax/servlet/ServletResponse;)V+68
j  org.springframework.security.web.access.intercept.FilterSecurityInterceptor.invoke(Lorg/springframework/security/web/FilterInvocation;)V+94
j  org.springframework.security.web.access.intercept.FilterSecurityInterceptor.doFilter(Ljavax/servlet/ServletRequest;Ljavax/servlet/ServletResponse;Ljavax/servlet/FilterChain;)V+15
j  org.springframework.security.web.FilterChainProxy$VirtualFilterChain.doFilter(Ljavax/servlet/ServletRequest;Ljavax/servlet/ServletResponse;)V+192
j  org.springframework.security.web.access.ExceptionTranslationFilter.doFilter(Ljavax/servlet/ServletRequest;Ljavax/servlet/ServletResponse;Ljavax/servlet/FilterChain;)V+17
j  org.springframework.security.web.FilterChainProxy$VirtualFilterChain.doFilter(Ljavax/servlet/ServletRequest;Ljavax/servlet/ServletResponse;)V+192
j  org.springframework.security.web.session.SessionManagementFilter.doFilter(Ljavax/servlet/ServletRequest;Ljavax/servlet/ServletResponse;Ljavax/servlet/FilterChain;)V+258
j  org.springframework.security.web.FilterChainProxy$VirtualFilterChain.doFilter(Ljavax/servlet/ServletRequest;Ljavax/servlet/ServletResponse;)V+192
j  org.springframework.security.web.authentication.AnonymousAuthenticationFilter.doFilter(Ljavax/servlet/ServletRequest;Ljavax/servlet/ServletResponse;Ljavax/servlet/FilterChain;)V+137
j  org.springframework.security.web.FilterChainProxy$VirtualFilterChain.doFilter(Ljavax/servlet/ServletRequest;Ljavax/servlet/ServletResponse;)V+192
j  org.springframework.security.web.servletapi.SecurityContextHolderAwareRequestFilter.doFilter(Ljavax/servlet/ServletRequest;Ljavax/servlet/ServletResponse;Ljavax/servlet/FilterChain;)V+19
j  org.springframework.security.web.FilterChainProxy$VirtualFilterChain.doFilter(Ljavax/servlet/ServletRequest;Ljavax/servlet/ServletResponse;)V+192
j  org.springframework.security.web.savedrequest.RequestCacheAwareFilter.doFilter(Ljavax/servlet/ServletRequest;Ljavax/servlet/ServletResponse;Ljavax/servlet/FilterChain;)V+32
j  org.springframework.security.web.FilterChainProxy$VirtualFilterChain.doFilter(Ljavax/servlet/ServletRequest;Ljavax/servlet/ServletResponse;)V+192
j  project.api.rest.security.JWTApiAuthenticationFilter.doFilter(Ljavax/servlet/ServletRequest;Ljavax/servlet/ServletResponse;Ljavax/servlet/FilterChain;)V+33
j  org.springframework.security.web.FilterChainProxy$VirtualFilterChain.doFilter(Ljavax/servlet/ServletRequest;Ljavax/servlet/ServletResponse;)V+192
j  org.springframework.security.web.authentication.AbstractAuthenticationProcessingFilter.doFilter(Ljavax/servlet/ServletRequest;Ljavax/servlet/ServletResponse;Ljavax/servlet/FilterChain;)V+28
j  org.springframework.security.web.FilterChainProxy$VirtualFilterChain.doFilter(Ljavax/servlet/ServletRequest;Ljavax/servlet/ServletResponse;)V+192
j  org.springframework.security.web.authentication.logout.LogoutFilter.doFilter(Ljavax/servlet/ServletRequest;Ljavax/servlet/ServletResponse;Ljavax/servlet/FilterChain;)V+115
j  org.springframework.security.web.FilterChainProxy$VirtualFilterChain.doFilter(Ljavax/servlet/ServletRequest;Ljavax/servlet/ServletResponse;)V+192
j  org.springframework.security.web.header.HeaderWriterFilter.doFilterInternal(Ljavax/servlet/http/HttpServletRequest;Ljavax/servlet/http/HttpServletResponse;Ljavax/servlet/FilterChain;)V+19
j  org.springframework.web.filter.OncePerRequestFilter.doFilter(Ljavax/servlet/ServletRequest;Ljavax/servlet/ServletResponse;Ljavax/servlet/FilterChain;)V+111
j  org.springframework.security.web.FilterChainProxy$VirtualFilterChain.doFilter(Ljavax/servlet/ServletRequest;Ljavax/servlet/ServletResponse;)V+192
j  org.springframework.security.web.context.SecurityContextPersistenceFilter.doFilter(Ljavax/servlet/ServletRequest;Ljavax/servlet/ServletResponse;Ljavax/servlet/FilterChain;)V+165
j  org.springframework.security.web.FilterChainProxy$VirtualFilterChain.doFilter(Ljavax/servlet/ServletRequest;Ljavax/servlet/ServletResponse;)V+192
j  org.springframework.security.web.context.request.async.WebAsyncManagerIntegrationFilter.doFilterInternal(Ljavax/servlet/http/HttpServletRequest;Ljavax/servlet/http/HttpServletResponse;Ljavax/servlet/FilterChain;)V+42
j  org.springframework.web.filter.OncePerRequestFilter.doFilter(Ljavax/servlet/ServletRequest;Ljavax/servlet/ServletResponse;Ljavax/servlet/FilterChain;)V+111
j  org.springframework.security.web.FilterChainProxy$VirtualFilterChain.doFilter(Ljavax/servlet/ServletRequest;Ljavax/servlet/ServletResponse;)V+192
j  org.springframework.security.web.FilterChainProxy.doFilterInternal(Ljavax/servlet/ServletRequest;Ljavax/servlet/ServletResponse;Ljavax/servlet/FilterChain;)V+142
j  org.springframework.security.web.FilterChainProxy.doFilter(Ljavax/servlet/ServletRequest;Ljavax/servlet/ServletResponse;Ljavax/servlet/FilterChain;)V+40
j  org.springframework.web.filter.DelegatingFilterProxy.invokeDelegate(Ljavax/servlet/Filter;Ljavax/servlet/ServletRequest;Ljavax/servlet/ServletResponse;Ljavax/servlet/FilterChain;)V+5
j  org.springframework.web.filter.DelegatingFilterProxy.doFilter(Ljavax/servlet/ServletRequest;Ljavax/servlet/ServletResponse;Ljavax/servlet/FilterChain;)V+85
j  org.apache.catalina.core.ApplicationFilterChain.internalDoFilter(Ljavax/servlet/ServletRequest;Ljavax/servlet/ServletResponse;)V+135
j  org.apache.catalina.core.ApplicationFilterChain.doFilter(Ljavax/servlet/ServletRequest;Ljavax/servlet/ServletResponse;)V+101
j  org.springframework.web.filter.CharacterEncodingFilter.doFilterInternal(Ljavax/servlet/http/HttpServletRequest;Ljavax/servlet/http/HttpServletResponse;Ljavax/servlet/FilterChain;)V+53
j  org.springframework.web.filter.OncePerRequestFilter.doFilter(Ljavax/servlet/ServletRequest;Ljavax/servlet/ServletResponse;Ljavax/servlet/FilterChain;)V+111
j  org.apache.catalina.core.ApplicationFilterChain.internalDoFilter(Ljavax/servlet/ServletRequest;Ljavax/servlet/ServletResponse;)V+135
j  org.apache.catalina.core.ApplicationFilterChain.doFilter(Ljavax/servlet/ServletRequest;Ljavax/servlet/ServletResponse;)V+101
j  org.apache.catalina.core.StandardWrapperValve.invoke(Lorg/apache/catalina/connector/Request;Lorg/apache/catalina/connector/Response;)V+688
j  org.apache.catalina.core.StandardContextValve.invoke(Lorg/apache/catalina/connector/Request;Lorg/apache/catalina/connector/Response;)V+166
j  org.apache.catalina.authenticator.AuthenticatorBase.invoke(Lorg/apache/catalina/connector/Request;Lorg/apache/catalina/connector/Response;)V+260
j  org.apache.catalina.core.StandardHostValve.invoke(Lorg/apache/catalina/connector/Request;Lorg/apache/catalina/connector/Response;)V+114
j  org.apache.catalina.valves.ErrorReportValve.invoke(Lorg/apache/catalina/connector/Request;Lorg/apache/catalina/connector/Response;)V+6
j  org.apache.catalina.core.StandardEngineValve.invoke(Lorg/apache/catalina/connector/Request;Lorg/apache/catalina/connector/Response;)V+45
j  org.apache.catalina.connector.CoyoteAdapter.service(Lorg/apache/coyote/Request;Lorg/apache/coyote/Response;)V+199
j  org.apache.coyote.http11.Http11Processor.service(Lorg/apache/tomcat/util/net/SocketWrapperBase;)Lorg/apache/tomcat/util/net/AbstractEndpoint$Handler$SocketState;+791
j  org.apache.coyote.AbstractProcessorLight.process(Lorg/apache/tomcat/util/net/SocketWrapperBase;Lorg/apache/tomcat/util/net/SocketEvent;)Lorg/apache/tomcat/util/net/AbstractEndpoint$Handler$SocketState;+113
j  org.apache.coyote.AbstractProtocol$ConnectionHandler.process(Lorg/apache/tomcat/util/net/SocketWrapperBase;Lorg/apache/tomcat/util/net/SocketEvent;)Lorg/apache/tomcat/util/net/AbstractEndpoint$Handler$SocketState;+414
j  org.apache.tomcat.util.net.NioEndpoint$SocketProcessor.doRun()V+191
j  org.apache.tomcat.util.net.SocketProcessorBase.run()V+21
j  java.util.concurrent.ThreadPoolExecutor.runWorker(Ljava/util/concurrent/ThreadPoolExecutor$Worker;)V+95
j  java.util.concurrent.ThreadPoolExecutor$Worker.run()V+5
j  org.apache.tomcat.util.threads.TaskThread$WrappingRunnable.run()V+4
j  java.lang.Thread.run()V+11
v  ~StubRoutines::call_stub

---------------  P R O C E S S  ---------------

Java Threads: ( => current thread )
  0x0000024535343000 JavaThread "Thread-16" [_thread_blocked, id=21228, stack(0x000000bf82800000,0x000000bf82900000)]
  0x000002453533b800 JavaThread "RMI TCP Connection(23)-127.0.0.1" daemon [_thread_in_native, id=19908, stack(0x000000bf86200000,0x000000bf86300000)]
  0x0000024535340000 JavaThread "RMI TCP Connection(22)-127.0.0.1" daemon [_thread_in_native, id=13316, stack(0x000000bf86000000,0x000000bf86100000)]
  0x000002453533f800 JavaThread "RMI TCP Connection(21)-127.0.0.1" daemon [_thread_in_native, id=34668, stack(0x000000bf85f00000,0x000000bf86000000)]
  0x000002453533d000 JavaThread "http-nio-8080-AsyncTimeout" daemon [_thread_blocked, id=27872, stack(0x000000bf85e00000,0x000000bf85f00000)]
  0x000002453533e800 JavaThread "http-nio-8080-Acceptor-0" daemon [_thread_blocked, id=26308, stack(0x000000bf85d00000,0x000000bf85e00000)]
  0x0000024535533000 JavaThread "RMI TCP Connection(idle)" daemon [_thread_blocked, id=7788, stack(0x000000bf84900000,0x000000bf84a00000)]
  0x0000024535348800 JavaThread "DestroyJavaVM" [_thread_blocked, id=12100, stack(0x000000bf82b00000,0x000000bf82c00000)]
  0x0000024535344800 JavaThread "http-nio-8080-exec-7" daemon [_thread_blocked, id=5284, stack(0x000000bf85a00000,0x000000bf85b00000)]
  0x000002453533c800 JavaThread "Live Reload Server" daemon [_thread_in_native, id=9284, stack(0x000000bf85200000,0x000000bf85300000)]
  0x0000024531a77800 JavaThread "PostgreSQL-JDBC-SharedTimer-1" daemon [_thread_blocked, id=21968, stack(0x000000bf84e00000,0x000000bf84f00000)]
  0x0000024532161000 JavaThread "JMX server connection timeout 21" daemon [_thread_blocked, id=19404, stack(0x000000bf84800000,0x000000bf84900000)]
  0x0000024532152800 JavaThread "RMI Scheduler(0)" daemon [_thread_blocked, id=4936, stack(0x000000bf84600000,0x000000bf84700000)]
  0x0000024531e27000 JavaThread "RMI TCP Accept-0" daemon [_thread_in_native, id=24828, stack(0x000000bf84300000,0x000000bf84400000)]
  0x0000024531dcf000 JavaThread "RMI TCP Accept-61500" daemon [_thread_in_native, id=17672, stack(0x000000bf84200000,0x000000bf84300000)]
  0x0000024531d81800 JavaThread "RMI TCP Accept-0" daemon [_thread_in_native, id=11952, stack(0x000000bf84100000,0x000000bf84200000)]
  0x0000024531b19800 JavaThread "Service Thread" daemon [_thread_blocked, id=23768, stack(0x000000bf84000000,0x000000bf84100000)]
  0x0000024531a7a800 JavaThread "C1 CompilerThread3" daemon [_thread_blocked, id=5064, stack(0x000000bf83f00000,0x000000bf84000000)]
  0x0000024531a74800 JavaThread "C2 CompilerThread2" daemon [_thread_blocked, id=28720, stack(0x000000bf83e00000,0x000000bf83f00000)]
  0x0000024531a74000 JavaThread "C2 CompilerThread1" daemon [_thread_blocked, id=12800, stack(0x000000bf83d00000,0x000000bf83e00000)]
  0x0000024531a71000 JavaThread "C2 CompilerThread0" daemon [_thread_blocked, id=34228, stack(0x000000bf83c00000,0x000000bf83d00000)]
  0x000002452f526000 JavaThread "JDWP Command Reader" daemon [_thread_in_native, id=28216, stack(0x000000bf83b00000,0x000000bf83c00000)]
  0x000002452f523000 JavaThread "JDWP Event Helper Thread" daemon [_thread_blocked, id=28912, stack(0x000000bf83a00000,0x000000bf83b00000)]
  0x000002452f51c000 JavaThread "JDWP Transport Listener: dt_socket" daemon [_thread_blocked, id=33752, stack(0x000000bf83900000,0x000000bf83a00000)]
  0x000002452f4f6000 JavaThread "Attach Listener" daemon [_thread_blocked, id=22956, stack(0x000000bf83800000,0x000000bf83900000)]
  0x000002452f4f5000 JavaThread "Signal Dispatcher" daemon [_thread_blocked, id=23716, stack(0x000000bf83700000,0x000000bf83800000)]
  0x000002452f4d1000 JavaThread "Finalizer" daemon [_thread_blocked, id=25732, stack(0x000000bf83600000,0x000000bf83700000)]
  0x000002452f4bf800 JavaThread "Reference Handler" daemon [_thread_blocked, id=15424, stack(0x000000bf83500000,0x000000bf83600000)]

Other Threads:
  0x000002452f498000 VMThread [stack: 0x000000bf83400000,0x000000bf83500000] [id=27724]
  0x0000024531c74000 WatcherThread [stack: 0x000000bf84400000,0x000000bf84500000] [id=37124]

=>0x000002451b899000 (exited) GCTaskThread [stack: 0x000000bf83000000,0x000000bf83100000] [id=16880]

VM state:at safepoint (normal execution)

VM Mutex/Monitor currently owned by a thread:  ([mutex/lock_event])
[0x000002451b87adb0] Threads_lock - owner thread: 0x000002452f498000
[0x000002451b87bd30] Heap_lock - owner thread: 0x0000024535343000

heap address: 0x00000000c0000000, size: 1024 MB, Compressed Oops mode: 32-bit
Narrow klass base: 0x0000000000000000, Narrow klass shift: 3
Compressed class space size: 1073741824 Address: 0x0000000100000000

Heap:
 PSYoungGen      total 326656K, used 242447K [0x00000000eab00000, 0x0000000100000000, 0x0000000100000000)
  eden space 303104K, 79% used [0x00000000eab00000,0x00000000f97c3e80,0x00000000fd300000)
  from space 23552K, 0% used [0x00000000fe900000,0x00000000fe900000,0x0000000100000000)
  to   space 22528K, 16% used [0x00000000fd300000,0x00000000fd6bc6b0,0x00000000fe900000)
 ParOldGen       total 248320K, used 36613K [0x00000000c0000000, 0x00000000cf280000, 0x00000000eab00000)
  object space 248320K, 14% used [0x00000000c0000000,0x00000000c23c1428,0x00000000cf280000)
 Metaspace       used 66854K, capacity 70342K, committed 70576K, reserved 1110016K
  class space    used 9518K, capacity 10110K, committed 10196K, reserved 1048576K

Card table byte_map: [0x000002452c5f0000,0x000002452c800000] byte_map_base: 0x000002452bff0000

Marking Bits: (ParMarkBitMap*) 0x0000000058fb7fe0
 Begin Bits: [0x000002452c960000, 0x000002452d960000)
 End Bits:   [0x000002452d960000, 0x000002452e960000)

Polling page: 0x000002451b800000

CodeCache: size=245760Kb used=13529Kb max_used=13529Kb free=232231Kb
 bounds [0x000002451d230000, 0x000002451df70000, 0x000002452c230000]
 total_blobs=7152 nmethods=6585 adapters=485
 compilation: enabled

Compilation events (10 events):
Event: 737.548 Thread 0x0000024531a7a800 6687   !   1       java.io.ObjectOutputStream::writeObject (38 bytes)
Event: 737.548 Thread 0x0000024531a7a800 nmethod 6687 0x000002451df68590 code [0x000002451df68700, 0x000002451df68900]
Event: 737.548 Thread 0x0000024531a7a800 6688       1       java.io.SerialCallbackContext::getDesc (5 bytes)
Event: 737.548 Thread 0x0000024531a7a800 nmethod 6688 0x000002451df689d0 code [0x000002451df68b20, 0x000002451df68c38]
Event: 737.553 Thread 0x0000024531a7a800 6689       1       java.util.concurrent.locks.LockSupport::setBlocker (12 bytes)
Event: 737.553 Thread 0x0000024531a7a800 nmethod 6689 0x000002451df68c90 code [0x000002451df68de0, 0x000002451df68ef8]
Event: 737.554 Thread 0x0000024531a7a800 6690       1       java.util.concurrent.locks.ReentrantLock$NonfairSync::tryAcquire (6 bytes)
Event: 737.554 Thread 0x0000024531a7a800 nmethod 6690 0x000002451df68f50 code [0x000002451df690a0, 0x000002451df691f0]
Event: 737.555 Thread 0x0000024531a7a800 6691       1       java.beans.PropertyChangeEvent::getPropertyName (5 bytes)
Event: 737.555 Thread 0x0000024531a7a800 nmethod 6691 0x000002451df69250 code [0x000002451df693a0, 0x000002451df694b8]

GC Heap History (10 events):
Event: 6.060 GC heap after
Heap after GC invocations=10 (full 2):
 PSYoungGen      total 322048K, used 18227K [0x00000000eab00000, 0x0000000100000000, 0x0000000100000000)
  eden space 303104K, 0% used [0x00000000eab00000,0x00000000eab00000,0x00000000fd300000)
  from space 18944K, 96% used [0x00000000fed80000,0x00000000fff4cf20,0x0000000100000000)
  to   space 23040K, 0% used [0x00000000fd300000,0x00000000fd300000,0x00000000fe980000)
 ParOldGen       total 186880K, used 23065K [0x00000000c0000000, 0x00000000cb680000, 0x00000000eab00000)
  object space 186880K, 12% used [0x00000000c0000000,0x00000000c1686560,0x00000000cb680000)
 Metaspace       used 57462K, capacity 60034K, committed 60080K, reserved 1101824K
  class space    used 8135K, capacity 8632K, committed 8660K, reserved 1048576K
}
Event: 6.060 GC heap before
{Heap before GC invocations=11 (full 3):
 PSYoungGen      total 322048K, used 18227K [0x00000000eab00000, 0x0000000100000000, 0x0000000100000000)
  eden space 303104K, 0% used [0x00000000eab00000,0x00000000eab00000,0x00000000fd300000)
  from space 18944K, 96% used [0x00000000fed80000,0x00000000fff4cf20,0x0000000100000000)
  to   space 23040K, 0% used [0x00000000fd300000,0x00000000fd300000,0x00000000fe980000)
 ParOldGen       total 186880K, used 23065K [0x00000000c0000000, 0x00000000cb680000, 0x00000000eab00000)
  object space 186880K, 12% used [0x00000000c0000000,0x00000000c1686560,0x00000000cb680000)
 Metaspace       used 57462K, capacity 60034K, committed 60080K, reserved 1101824K
  class space    used 8135K, capacity 8632K, committed 8660K, reserved 1048576K
Event: 6.154 GC heap after
Heap after GC invocations=11 (full 3):
 PSYoungGen      total 322048K, used 0K [0x00000000eab00000, 0x0000000100000000, 0x0000000100000000)
  eden space 303104K, 0% used [0x00000000eab00000,0x00000000eab00000,0x00000000fd300000)
  from space 18944K, 0% used [0x00000000fed80000,0x00000000fed80000,0x0000000100000000)
  to   space 23040K, 0% used [0x00000000fd300000,0x00000000fd300000,0x00000000fe980000)
 ParOldGen       total 248320K, used 35204K [0x00000000c0000000, 0x00000000cf280000, 0x00000000eab00000)
  object space 248320K, 14% used [0x00000000c0000000,0x00000000c22611e8,0x00000000cf280000)
 Metaspace       used 57459K, capacity 60028K, committed 60080K, reserved 1101824K
  class space    used 8134K, capacity 8631K, committed 8660K, reserved 1048576K
}
Event: 15.541 GC heap before
{Heap before GC invocations=12 (full 3):
 PSYoungGen      total 322048K, used 303104K [0x00000000eab00000, 0x0000000100000000, 0x0000000100000000)
  eden space 303104K, 100% used [0x00000000eab00000,0x00000000fd300000,0x00000000fd300000)
  from space 18944K, 0% used [0x00000000fed80000,0x00000000fed80000,0x0000000100000000)
  to   space 23040K, 0% used [0x00000000fd300000,0x00000000fd300000,0x00000000fe980000)
 ParOldGen       total 248320K, used 35204K [0x00000000c0000000, 0x00000000cf280000, 0x00000000eab00000)
  object space 248320K, 14% used [0x00000000c0000000,0x00000000c22611e8,0x00000000cf280000)
 Metaspace       used 64010K, capacity 67046K, committed 67248K, reserved 1107968K
  class space    used 9128K, capacity 9644K, committed 9684K, reserved 1048576K
Event: 15.548 GC heap after
Heap after GC invocations=12 (full 3):
 PSYoungGen      total 319488K, used 15925K [0x00000000eab00000, 0x0000000100000000, 0x0000000100000000)
  eden space 303104K, 0% used [0x00000000eab00000,0x00000000eab00000,0x00000000fd300000)
  from space 16384K, 97% used [0x00000000fd300000,0x00000000fe28d510,0x00000000fe300000)
  to   space 23552K, 0% used [0x00000000fe900000,0x00000000fe900000,0x0000000100000000)
 ParOldGen       total 248320K, used 35212K [0x00000000c0000000, 0x00000000cf280000, 0x00000000eab00000)
  object space 248320K, 14% used [0x00000000c0000000,0x00000000c22631e8,0x00000000cf280000)
 Metaspace       used 64010K, capacity 67046K, committed 67248K, reserved 1107968K
  class space    used 9128K, capacity 9644K, committed 9684K, reserved 1048576K
}
Event: 715.653 GC heap before
{Heap before GC invocations=13 (full 3):
 PSYoungGen      total 319488K, used 133342K [0x00000000eab00000, 0x0000000100000000, 0x0000000100000000)
  eden space 303104K, 38% used [0x00000000eab00000,0x00000000f1daa600,0x00000000fd300000)
  from space 16384K, 97% used [0x00000000fd300000,0x00000000fe28d510,0x00000000fe300000)
  to   space 23552K, 0% used [0x00000000fe900000,0x00000000fe900000,0x0000000100000000)
 ParOldGen       total 248320K, used 35212K [0x00000000c0000000, 0x00000000cf280000, 0x00000000eab00000)
  object space 248320K, 14% used [0x00000000c0000000,0x00000000c22631e8,0x00000000cf280000)
 Metaspace       used 66473K, capacity 69682K, committed 69936K, reserved 1110016K
  class space    used 9472K, capacity 10033K, committed 10068K, reserved 1048576K
Event: 715.676 GC heap after
Heap after GC invocations=13 (full 3):
 PSYoungGen      total 326656K, used 12339K [0x00000000eab00000, 0x0000000100000000, 0x0000000100000000)
  eden space 303104K, 0% used [0x00000000eab00000,0x00000000eab00000,0x00000000fd300000)
  from space 23552K, 52% used [0x00000000fe900000,0x00000000ff50cc28,0x0000000100000000)
  to   space 22528K, 0% used [0x00000000fd300000,0x00000000fd300000,0x00000000fe900000)
 ParOldGen       total 248320K, used 35220K [0x00000000c0000000, 0x00000000cf280000, 0x00000000eab00000)
  object space 248320K, 14% used [0x00000000c0000000,0x00000000c22651e8,0x00000000cf280000)
 Metaspace       used 66473K, capacity 69682K, committed 69936K, reserved 1110016K
  class space    used 9472K, capacity 10033K, committed 10068K, reserved 1048576K
}
Event: 715.676 GC heap before
{Heap before GC invocations=14 (full 4):
 PSYoungGen      total 326656K, used 12339K [0x00000000eab00000, 0x0000000100000000, 0x0000000100000000)
  eden space 303104K, 0% used [0x00000000eab00000,0x00000000eab00000,0x00000000fd300000)
  from space 23552K, 52% used [0x00000000fe900000,0x00000000ff50cc28,0x0000000100000000)
  to   space 22528K, 0% used [0x00000000fd300000,0x00000000fd300000,0x00000000fe900000)
 ParOldGen       total 248320K, used 35220K [0x00000000c0000000, 0x00000000cf280000, 0x00000000eab00000)
  object space 248320K, 14% used [0x00000000c0000000,0x00000000c22651e8,0x00000000cf280000)
 Metaspace       used 66473K, capacity 69682K, committed 69936K, reserved 1110016K
  class space    used 9472K, capacity 10033K, committed 10068K, reserved 1048576K
Event: 715.863 GC heap after
Heap after GC invocations=14 (full 4):
 PSYoungGen      total 326656K, used 0K [0x00000000eab00000, 0x0000000100000000, 0x0000000100000000)
  eden space 303104K, 0% used [0x00000000eab00000,0x00000000eab00000,0x00000000fd300000)
  from space 23552K, 0% used [0x00000000fe900000,0x00000000fe900000,0x0000000100000000)
  to   space 22528K, 0% used [0x00000000fd300000,0x00000000fd300000,0x00000000fe900000)
 ParOldGen       total 248320K, used 36605K [0x00000000c0000000, 0x00000000cf280000, 0x00000000eab00000)
  object space 248320K, 14% used [0x00000000c0000000,0x00000000c23bf428,0x00000000cf280000)
 Metaspace       used 66472K, capacity 69676K, committed 69936K, reserved 1110016K
  class space    used 9472K, capacity 10032K, committed 10068K, reserved 1048576K
}
Event: 737.556 GC heap before
{Heap before GC invocations=15 (full 4):
 PSYoungGen      total 326656K, used 242447K [0x00000000eab00000, 0x0000000100000000, 0x0000000100000000)
  eden space 303104K, 79% used [0x00000000eab00000,0x00000000f97c3e80,0x00000000fd300000)
  from space 23552K, 0% used [0x00000000fe900000,0x00000000fe900000,0x0000000100000000)
  to   space 22528K, 0% used [0x00000000fd300000,0x00000000fd300000,0x00000000fe900000)
 ParOldGen       total 248320K, used 36605K [0x00000000c0000000, 0x00000000cf280000, 0x00000000eab00000)
  object space 248320K, 14% used [0x00000000c0000000,0x00000000c23bf428,0x00000000cf280000)
 Metaspace       used 66854K, capacity 70342K, committed 70576K, reserved 1110016K
  class space    used 9518K, capacity 10110K, committed 10196K, reserved 1048576K

Deoptimization events (0 events):
No events

Classes redefined (3 events):
Event: 706.467 Thread 0x000002452f498000 redefined class name=project.api.rest.ControlExceptions, count=1
Event: 735.716 Thread 0x000002452f498000 redefined class name=project.api.rest.ControlExceptions, count=2
Event: 735.736 Thread 0x000002452f498000 redefined class name=project.api.rest.ControlExceptions, count=1

Internal exceptions (10 events):
Event: 717.089 Thread 0x000002453552d000 Exception <a 'java/lang/ArrayIndexOutOfBoundsException'> (0x00000000f7614320) thrown at [C:\jenkins\workspace\8-2-build-windows-amd64-cygwin\jdk8u271\605\hotspot\src\share\vm\runtime\sharedRuntime.cpp, line 609]
Event: 717.089 Thread 0x000002453552d000 Exception <a 'java/lang/ArrayIndexOutOfBoundsException'> (0x00000000f7619788) thrown at [C:\jenkins\workspace\8-2-build-windows-amd64-cygwin\jdk8u271\605\hotspot\src\share\vm\runtime\sharedRuntime.cpp, line 609]
Event: 717.093 Thread 0x000002453552d000 Exception <a 'java/lang/ArrayIndexOutOfBoundsException'> (0x00000000f765c0c8) thrown at [C:\jenkins\workspace\8-2-build-windows-amd64-cygwin\jdk8u271\605\hotspot\src\share\vm\runtime\sharedRuntime.cpp, line 609]
Event: 717.093 Thread 0x000002453552d000 Exception <a 'java/lang/ArrayIndexOutOfBoundsException'> (0x00000000f7661f00) thrown at [C:\jenkins\workspace\8-2-build-windows-amd64-cygwin\jdk8u271\605\hotspot\src\share\vm\runtime\sharedRuntime.cpp, line 609]
Event: 717.111 Thread 0x000002453552d000 Exception <a 'java/lang/ArrayIndexOutOfBoundsException'> (0x00000000f7a81f68) thrown at [C:\jenkins\workspace\8-2-build-windows-amd64-cygwin\jdk8u271\605\hotspot\src\share\vm\runtime\sharedRuntime.cpp, line 609]
Event: 717.114 Thread 0x000002453552d000 Exception <a 'java/lang/ArrayIndexOutOfBoundsException'> (0x00000000f7af71b0) thrown at [C:\jenkins\workspace\8-2-build-windows-amd64-cygwin\jdk8u271\605\hotspot\src\share\vm\runtime\sharedRuntime.cpp, line 609]
Event: 717.123 Thread 0x000002453552d000 Exception <a 'java/lang/ArrayIndexOutOfBoundsException'> (0x00000000f7baeff0) thrown at [C:\jenkins\workspace\8-2-build-windows-amd64-cygwin\jdk8u271\605\hotspot\src\share\vm\runtime\sharedRuntime.cpp, line 609]
Event: 717.123 Thread 0x000002453552d000 Exception <a 'java/lang/ArrayIndexOutOfBoundsException'> (0x00000000f7bb0610) thrown at [C:\jenkins\workspace\8-2-build-windows-amd64-cygwin\jdk8u271\605\hotspot\src\share\vm\runtime\sharedRuntime.cpp, line 609]
Event: 737.546 Thread 0x0000024535531800 Exception <a 'java/lang/InterruptedException': sleep interrupted> (0x00000000f31e4388) thrown at [C:\jenkins\workspace\8-2-build-windows-amd64-cygwin\jdk8u271\605\hotspot\src\share\vm\prims\jvm.cpp, line 3346]
Event: 737.555 Thread 0x000002453552e000 Exception <a 'java/lang/InterruptedException': sleep interrupted> (0x00000000f971b878) thrown at [C:\jenkins\workspace\8-2-build-windows-amd64-cygwin\jdk8u271\605\hotspot\src\share\vm\prims\jvm.cpp, line 3346]

Events (10 events):
Event: 737.555 Executing VM operation: RevokeBias
Event: 737.555 Executing VM operation: RevokeBias done
Event: 737.555 Executing VM operation: RevokeBias
Event: 737.555 Executing VM operation: RevokeBias done
Event: 737.555 Executing VM operation: RevokeBias
Event: 737.555 Executing VM operation: RevokeBias done
Event: 737.555 Thread 0x000002453552e000 Thread exited: 0x000002453552e000
Event: 737.555 Executing VM operation: RevokeBias
Event: 737.555 Executing VM operation: RevokeBias done
Event: 737.556 Executing VM operation: ParallelGCSystemGC


Dynamic libraries:
0x00007ff78b2d0000 - 0x00007ff78b317000 	C:\Program Files\Java\jdk1.8.0_271\bin\javaw.exe
0x00007ffd64330000 - 0x00007ffd64525000 	C:\Windows\SYSTEM32\ntdll.dll
0x00007ffd632b0000 - 0x00007ffd6336d000 	C:\Windows\System32\KERNEL32.DLL
0x00007ffd61f10000 - 0x00007ffd621d8000 	C:\Windows\System32\KERNELBASE.dll
0x00007ffd63380000 - 0x00007ffd6342c000 	C:\Windows\System32\ADVAPI32.dll
0x00007ffd62a90000 - 0x00007ffd62b2e000 	C:\Windows\System32\msvcrt.dll
0x00007ffd62fa0000 - 0x00007ffd6303b000 	C:\Windows\System32\sechost.dll
0x00007ffd62660000 - 0x00007ffd6278b000 	C:\Windows\System32\RPCRT4.dll
0x00007ffd624c0000 - 0x00007ffd62660000 	C:\Windows\System32\USER32.dll
0x00007ffd61b10000 - 0x00007ffd61b32000 	C:\Windows\System32\win32u.dll
0x00007ffd639a0000 - 0x00007ffd639ca000 	C:\Windows\System32\GDI32.dll
0x00007ffd61b40000 - 0x00007ffd61c4b000 	C:\Windows\System32\gdi32full.dll
0x00007ffd61a70000 - 0x00007ffd61b0d000 	C:\Windows\System32\msvcp_win.dll
0x00007ffd62290000 - 0x00007ffd62390000 	C:\Windows\System32\ucrtbase.dll
0x00007ffd4c3c0000 - 0x00007ffd4c65a000 	C:\Windows\WinSxS\amd64_microsoft.windows.common-controls_6595b64144ccf1df_6.0.19041.844_none_ca00b6081b84eb1d\COMCTL32.dll
0x00007ffd63b70000 - 0x00007ffd63ba0000 	C:\Windows\System32\IMM32.DLL
0x00007ffd54ac0000 - 0x00007ffd54ad5000 	C:\Program Files\Java\jdk1.8.0_271\jre\bin\vcruntime140.dll
0x00007ffd13330000 - 0x00007ffd133cb000 	C:\Program Files\Java\jdk1.8.0_271\jre\bin\msvcp140.dll
0x00000000587c0000 - 0x000000005902f000 	C:\Program Files\Java\jdk1.8.0_271\jre\bin\server\jvm.dll
0x00007ffd632a0000 - 0x00007ffd632a8000 	C:\Windows\System32\PSAPI.DLL
0x00007ffd4d400000 - 0x00007ffd4d427000 	C:\Windows\SYSTEM32\WINMM.dll
0x00007ffd60960000 - 0x00007ffd6096a000 	C:\Windows\SYSTEM32\VERSION.dll
0x00007ffd40250000 - 0x00007ffd40259000 	C:\Windows\SYSTEM32\WSOCK32.dll
0x00007ffd62a20000 - 0x00007ffd62a8b000 	C:\Windows\System32\WS2_32.dll
0x00007ffd60920000 - 0x00007ffd60932000 	C:\Windows\SYSTEM32\kernel.appcore.dll
0x00007ffd590a0000 - 0x00007ffd590b0000 	C:\Program Files\Java\jdk1.8.0_271\jre\bin\verify.dll
0x00007ffd54a90000 - 0x00007ffd54abb000 	C:\Program Files\Java\jdk1.8.0_271\jre\bin\java.dll
0x00007ffd54a50000 - 0x00007ffd54a86000 	C:\Program Files\Java\jdk1.8.0_271\jre\bin\jdwp.dll
0x00007ffd56b10000 - 0x00007ffd56b19000 	C:\Program Files\Java\jdk1.8.0_271\jre\bin\npt.dll
0x00007ffd4cd20000 - 0x00007ffd4cd50000 	C:\Program Files\Java\jdk1.8.0_271\jre\bin\instrument.dll
0x00007ffd4e8d0000 - 0x00007ffd4e8e8000 	C:\Program Files\Java\jdk1.8.0_271\jre\bin\zip.dll
0x00007ffd63ba0000 - 0x00007ffd642e2000 	C:\Windows\System32\SHELL32.dll
0x00007ffd60190000 - 0x00007ffd60920000 	C:\Windows\SYSTEM32\windows.storage.dll
0x00007ffd63500000 - 0x00007ffd63855000 	C:\Windows\System32\combase.dll
0x00007ffd614e0000 - 0x00007ffd6150c000 	C:\Windows\SYSTEM32\Wldp.dll
0x00007ffd63ac0000 - 0x00007ffd63b6e000 	C:\Windows\System32\SHCORE.dll
0x00007ffd629a0000 - 0x00007ffd629f5000 	C:\Windows\System32\shlwapi.dll
0x00007ffd619b0000 - 0x00007ffd619cf000 	C:\Windows\SYSTEM32\profapi.dll
0x00007ffd56a70000 - 0x00007ffd56a7a000 	C:\Program Files\Java\jdk1.8.0_271\jre\bin\dt_socket.dll
0x00007ffd3ac80000 - 0x00007ffd3ac97000 	C:\Windows\system32\napinsp.dll
0x00007ffd3ac60000 - 0x00007ffd3ac7b000 	C:\Windows\system32\pnrpnsp.dll
0x00007ffd58660000 - 0x00007ffd58675000 	C:\Windows\system32\wshbth.dll
0x00007ffd58fe0000 - 0x00007ffd58ffd000 	C:\Windows\system32\NLAapi.dll
0x00007ffd60ef0000 - 0x00007ffd60f2b000 	C:\Windows\SYSTEM32\IPHLPAPI.DLL
0x00007ffd61250000 - 0x00007ffd612ba000 	C:\Windows\System32\mswsock.dll
0x00007ffd60f30000 - 0x00007ffd60ffc000 	C:\Windows\SYSTEM32\DNSAPI.dll
0x00007ffd63170000 - 0x00007ffd63178000 	C:\Windows\System32\NSI.dll
0x00007ffd3abc0000 - 0x00007ffd3abd2000 	C:\Windows\System32\winrnr.dll
0x00007ffd4e370000 - 0x00007ffd4e3ef000 	C:\Windows\System32\fwpuclnt.dll
0x00007ffd621e0000 - 0x00007ffd62207000 	C:\Windows\System32\bcrypt.dll
0x00007ffd54ae0000 - 0x00007ffd54aea000 	C:\Windows\System32\rasadhlp.dll
0x00007ffd55720000 - 0x00007ffd5572d000 	C:\Program Files\Java\jdk1.8.0_271\jre\bin\management.dll
0x00007ffd4cc70000 - 0x00007ffd4cc8c000 	C:\Program Files\Java\jdk1.8.0_271\jre\bin\net.dll
0x00007ffd4bb90000 - 0x00007ffd4bba3000 	C:\Program Files\Java\jdk1.8.0_271\jre\bin\nio.dll
0x00007ffd61420000 - 0x00007ffd61438000 	C:\Windows\SYSTEM32\CRYPTSP.dll
0x00007ffd60b80000 - 0x00007ffd60bb4000 	C:\Windows\system32\rsaenh.dll
0x00007ffd61970000 - 0x00007ffd6199e000 	C:\Windows\SYSTEM32\USERENV.dll
0x00007ffd62210000 - 0x00007ffd62290000 	C:\Windows\System32\bcryptprimitives.dll
0x00007ffd61440000 - 0x00007ffd6144c000 	C:\Windows\SYSTEM32\CRYPTBASE.dll
0x00007ffd53f30000 - 0x00007ffd53f47000 	C:\Windows\SYSTEM32\dhcpcsvc6.DLL
0x00007ffd54170000 - 0x00007ffd5418d000 	C:\Windows\SYSTEM32\dhcpcsvc.DLL
0x00007ffd4bb60000 - 0x00007ffd4bb84000 	C:\Program Files\Java\jdk1.8.0_271\jre\bin\sunec.dll
0x00007ffd5f600000 - 0x00007ffd5f7e4000 	C:\Windows\SYSTEM32\dbghelp.dll

VM Arguments:
jvm_args: -agentlib:jdwp=transport=dt_socket,suspend=y,address=localhost:61501 -Dcom.sun.management.jmxremote -Dcom.sun.management.jmxremote.port=61500 -Dcom.sun.management.jmxremote.authenticate=false -Dcom.sun.management.jmxremote.ssl=false -Djava.rmi.server.hostname=localhost -Dspring.jmx.enabled=true -Dspring.application.admin.enabled=true -XX:TieredStopAtLevel=1 -Dspring.boot.project.name=projectspringrestapi -javaagent:C:\sts-4.9.0.RELEASE\configuration\org.eclipse.osgi\252\0\.cp\lib\javaagent-shaded.jar -Dfile.encoding=UTF-8 -Xmx1024M 
java_command: project.api.rest.ProjectspringrestapiApplication --spring.output.ansi.enabled=always
java_class_path (initial): C:\Users\Eder\Documentos\workspace-spring-tool-suite-4-4.9.0.RELEASE\projectspringrestapi\target\classes;C:\Users\Eder\.m2\repository\org\springframework\boot\spring-boot-starter-data-jpa\2.1.1.RELEASE\spring-boot-starter-data-jpa-2.1.1.RELEASE.jar;C:\Users\Eder\.m2\repository\org\springframework\boot\spring-boot-starter-aop\2.1.1.RELEASE\spring-boot-starter-aop-2.1.1.RELEASE.jar;C:\Users\Eder\.m2\repository\org\aspectj\aspectjweaver\1.9.2\aspectjweaver-1.9.2.jar;C:\Users\Eder\.m2\repository\javax\transaction\javax.transaction-api\1.3\javax.transaction-api-1.3.jar;C:\Users\Eder\.m2\repository\javax\xml\bind\jaxb-api\2.3.1\jaxb-api-2.3.1.jar;C:\Users\Eder\.m2\repository\javax\activation\javax.activation-api\1.2.0\javax.activation-api-1.2.0.jar;C:\Users\Eder\.m2\repository\org\hibernate\hibernate-core\5.3.7.Final\hibernate-core-5.3.7.Final.jar;C:\Users\Eder\.m2\repository\org\jboss\logging\jboss-logging\3.3.2.Final\jboss-logging-3.3.2.Final.jar;C:\Users\Eder\.m2\repository\javax\persistence\javax.persistence-api\2.2\javax.persistence-api-2.2.jar;C:\Users\Eder\.m2\repository\org\javassist\javassist\3.23.1-GA\javassist-3.23.1-GA.jar;C:\Users\Eder\.m2\repository\net\bytebuddy\byte-buddy\1.9.5\byte-buddy-1.9.5.jar;C:\Users\Eder\.m2\repository\antlr\antlr\2.7.7\antlr-2.7.7.jar;C:\Users\Eder\.m2\repository\org\jboss\jandex\2.0.5.Final\jandex-2.0.5.Final.jar;C:\Users\Eder\.m2\repository\com\fasterxml\classmate\1.4.0\classmate-1.4.0.jar;C:\Users\Eder\.m2\repository\org\dom4j\dom4j\2.1.1\dom4j-2.1.1.jar;C:\Users\Eder\.m2\repository\org\hibernate\common\hibernate-commons-annotations\5.0.4.Final\hibernate-commons-annotations-5.0.4.Final.jar;C:\Users\Eder\.m2\repository\org\springframework\data\spring-data-jpa\2.1.3.RELEASE\spring-data-jpa-2.1.3.RELEASE.jar;C:\Users\Eder\.m2\repository\org\springframework\data\spring-data-commons\2.1.3.RELEASE\spring-data-commons-2.1.3.RELEASE.jar;C:\Users\Eder\.m2\repository\org\springframework\spring-orm\5.1.3.RELEA
Launcher Type: SUN_STANDARD

Environment Variables:
JAVA_HOME=C:\Program Files\Java\jdk1.8.0_271
JRE_HOME=C:\Program Files\Java\jre1.8.0_271
_JAVA_OPTIONS=-Xmx1024M
CLASSPATH=.;C:\Program Files\Java\jdk1.8.0_271\lib;
PATH=C:\Program Files\Java\jdk1.8.0_271\jre\bin;C:/sts-4.9.0.RELEASE//plugins/org.eclipse.justj.openjdk.hotspot.jre.full.win32.x86_64_15.0.1.v20201027-0507/jre/bin/server;C:/sts-4.9.0.RELEASE//plugins/org.eclipse.justj.openjdk.hotspot.jre.full.win32.x86_64_15.0.1.v20201027-0507/jre/bin;C:\Program Files (x86)\Common Files\Oracle\Java\javapath;C:\Windows\system32;C:\Windows;C:\Windows\System32\Wbem;C:\Windows\System32\WindowsPowerShell\v1.0\;C:\Windows\System32\OpenSSH\;C:\Program Files\Git\cmd;"C:\Program Files\Java\jdk1.8.0_271\bin;";C:\apache-maven-3.6.3\bin;C:\Program Files\Java\jdk1.8.0_271\bin;C:\Program Files\MySQL\MySQL Shell 8.0\bin\;C:\Users\Eder\AppData\Local\Microsoft\WindowsApps;C:\Program Files\heroku\bin;C:\sts-4.9.0.RELEASE;
USERNAME=Eder
OS=Windows_NT
PROCESSOR_IDENTIFIER=Intel64 Family 6 Model 158 Stepping 10, GenuineIntel



---------------  S Y S T E M  ---------------

OS: Windows 10.0 , 64 bit Build 19041 (10.0.19041.928)

CPU:total 8 (initial active 8) (4 cores per cpu, 2 threads per core) family 6 model 158 stepping 10, cmov, cx8, fxsr, mmx, sse, sse2, sse3, ssse3, sse4.1, sse4.2, popcnt, avx, avx2, aes, clmul, erms, 3dnowpref, lzcnt, ht, tsc, tscinvbit, bmi1, bmi2, adx

Memory: 4k page, physical 25003052k(13374300k free), swap 28673068k(13147204k free)

vm_info: Java HotSpot(TM) 64-Bit Server VM (25.271-b09) for windows-amd64 JRE (1.8.0_271-b09), built on Sep 16 2020 19:14:59 by "" with MS VC++ 15.9 (VS2017)

time: Tue May 25 17:18:03 2021
timezone: Hora oficial do Brasil
elapsed time: 737.585731 seconds (0d 0h 12m 17s)

